2025-05-29T11:38:44.777+08:00 ERROR 54257 --- [java-sender] [nio-9000-exec-1] c.a.s.service.ArrowDataSenderService     : 发送Arrow数据失败 | URL: http://localhost:8080/receive-arrow,emory was leaked by query. Memory leaked: (2048)
Allocator(ROOT) 0/2048/235520/9223372036854775807 (res/actual/peak/limit)


java.lang.IllegalStateException: Memory was leaked by query. Memory leaked: (2048)
Allocator(ROOT) 0/2048/235520/9223372036854775807 (res/actual/peak/limit)

        at org.apache.arrow.memory.BaseAllocator.close(BaseAllocator.java:504) ~[arrow-memory-core-18.3.0.jar!/:18.3.0]
        at org.apache.arrow.memory.RootAllocator.close(RootAllocator.java:27) ~[arrow-memory-core-18.3.0.jar!/:18.3.0]
        at com.arrow.sender.service.ArrowDataSenderService.sendArrowData(ArrowDataSenderService.java:54) ~[!/:0.0.1-SNAPSHOT]
        at com.arrow.sender.controller.ArrowDataController.sendArrow(ArrowDataController.java:19) ~[!/:0.0.1-SNAPSHOT]
        at java.base/jdk.internal.reflect.NativeMethodAccessorImpl.invoke0(Native Method) ~[na:na]
        at java.base/jdk.internal.reflect.NativeMethodAccessorImpl.invoke(NativeMethodAccessorImpl.java:77) ~[na:na]
        at java.base/jdk.internal.reflect.DelegatingMethodAccessorImpl.invoke(DelegatingMethodAccessorImpl.java:43) ~[na:na]
        at java.base/java.lang.reflect.Method.invoke(Method.java:568) ~[na:na]
        at org.springframework.web.method.support.InvocableHandlerMethod.doInvoke(InvocableHandlerMethod.java:258) ~[spring-web-6.2.7.jar!/:6.2.7]
        at org.springframework.web.method.support.InvocableHandlerMethod.invokeForRequest(InvocableHandlerMethod.java:191) ~[spring-web-6.2.7.jar!/:6.2.7]
        at org.springframework.web.servlet.mvc.method.annotation.ServletInvocableHandlerMethod.invokeAndHandle(ServletInvocableHandlerMethod.java:118) ~[spring-webmvc-6.2.7.jar!/:6.2.7]
        at org.springframework.web.servlet.mvc.method.annotation.RequestMappingHandlerAdapter.invokeHandlerMethod(RequestMappingHandlerAdapter.java:986) ~[spring-webmvc-6.2.7.jar!/:6.2.7]
        at org.springframework.web.servlet.mvc.method.annotation.RequestMappingHandlerAdapter.handleInternal(RequestMappingHandlerAdapter.java:891) ~[spring-webmvc-6.2.7.jar!/:6.2.7]
        at org.springframework.web.servlet.mvc.method.AbstractHandlerMethodAdapter.handle(AbstractHandlerMethodAdapter.java:87) ~[spring-webmvc-6.2.7.jar!/:6.2.7]
        at org.springframework.web.servlet.DispatcherServlet.doDispatch(DispatcherServlet.java:1089) ~[spring-webmvc-6.2.7.jar!/:6.2.7]
        at org.springframework.web.servlet.DispatcherServlet.doService(DispatcherServlet.java:979) ~[spring-webmvc-6.2.7.jar!/:6.2.7]
        at org.springframework.web.servlet.FrameworkServlet.processRequest(FrameworkServlet.java:1014) ~[spring-webmvc-6.2.7.jar!/:6.2.7]
        at org.springframework.web.servlet.FrameworkServlet.doGet(FrameworkServlet.java:903) ~[spring-webmvc-6.2.7.jar!/:6.2.7]
        at jakarta.servlet.http.HttpServlet.service(HttpServlet.java:564) ~[tomcat-embed-core-10.1.41.jar!/:na]
        at org.springframework.web.servlet.FrameworkServlet.service(FrameworkServlet.java:885) ~[spring-webmvc-6.2.7.jar!/:6.2.7]
        at jakarta.servlet.http.HttpServlet.service(HttpServlet.java:658) ~[tomcat-embed-core-10.1.41.jar!/:na]
        at org.apache.catalina.core.ApplicationFilterChain.internalDoFilter(ApplicationFilterChain.java:195) ~[tomcat-embed-core-10.1.41.jar!/:na]
        at org.apache.catalina.core.ApplicationFilterChain.doFilter(ApplicationFilterChain.java:140) ~[tomcat-embed-core-10.1.41.jar!/:na]
        at org.apache.tomcat.websocket.server.WsFilter.doFilter(WsFilter.java:51) ~[tomcat-embed-websocket-10.1.41.jar!/:na]
        at org.apache.catalina.core.ApplicationFilterChain.internalDoFilter(ApplicationFilterChain.java:164) ~[tomcat-embed-core-10.1.41.jar!/:na]
        at org.apache.catalina.core.ApplicationFilterChain.doFilter(ApplicationFilterChain.java:140) ~[tomcat-embed-core-10.1.41.jar!/:na]
        at org.springframework.web.filter.RequestContextFilter.doFilterInternal(RequestContextFilter.java:100) ~[spring-web-6.2.7.jar!/:6.2.7]
        at org.springframework.web.filter.OncePerRequestFilter.doFilter(OncePerRequestFilter.java:116) ~[spring-web-6.2.7.jar!/:6.2.7]
        at org.apache.catalina.core.ApplicationFilterChain.internalDoFilter(ApplicationFilterChain.java:164) ~[tomcat-embed-core-10.1.41.jar!/:na]
        at org.apache.catalina.core.ApplicationFilterChain.doFilter(ApplicationFilterChain.java:140) ~[tomcat-embed-core-10.1.41.jar!/:na]
        at org.springframework.web.filter.FormContentFilter.doFilterInternal(FormContentFilter.java:93) ~[spring-web-6.2.7.jar!/:6.2.7]
        at org.springframework.web.filter.OncePerRequestFilter.doFilter(OncePerRequestFilter.java:116) ~[spring-web-6.2.7.jar!/:6.2.7]
        at org.apache.catalina.core.ApplicationFilterChain.internalDoFilter(ApplicationFilterChain.java:164) ~[tomcat-embed-core-10.1.41.jar!/:na]
        at org.apache.catalina.core.ApplicationFilterChain.doFilter(ApplicationFilterChain.java:140) ~[tomcat-embed-core-10.1.41.jar!/:na]
        at org.springframework.web.filter.CharacterEncodingFilter.doFilterInternal(CharacterEncodingFilter.java:201) ~[spring-web-6.2.7.jar!/:6.2.7]
        at org.springframework.web.filter.OncePerRequestFilter.doFilter(OncePerRequestFilter.java:116) ~[spring-web-6.2.7.jar!/:6.2.7]
        at org.apache.catalina.core.ApplicationFilterChain.internalDoFilter(ApplicationFilterChain.java:164) ~[tomcat-embed-core-10.1.41.jar!/:na]
        at org.apache.catalina.core.ApplicationFilterChain.doFilter(ApplicationFilterChain.java:140) ~[tomcat-embed-core-10.1.41.jar!/:na]
        at org.apache.catalina.core.StandardWrapperValve.invoke(StandardWrapperValve.java:167) ~[tomcat-embed-core-10.1.41.jar!/:na]
        at org.apache.catalina.core.StandardContextValve.invoke(StandardContextValve.java:90) ~[tomcat-embed-core-10.1.41.jar!/:na]
        at org.apache.catalina.authenticator.AuthenticatorBase.invoke(AuthenticatorBase.java:483) ~[tomcat-embed-core-10.1.41.jar!/:na]
        at org.apache.catalina.core.StandardHostValve.invoke(StandardHostValve.java:116) ~[tomcat-embed-core-10.1.41.jar!/:na]
        at org.apache.catalina.valves.ErrorReportValve.invoke(ErrorReportValve.java:93) ~[tomcat-embed-core-10.1.41.jar!/:na]
        at org.apache.catalina.core.StandardEngineValve.invoke(StandardEngineValve.java:74) ~[tomcat-embed-core-10.1.41.jar!/:na]
        at org.apache.catalina.connector.CoyoteAdapter.service(CoyoteAdapter.java:344) ~[tomcat-embed-core-10.1.41.jar!/:na]
        at org.apache.coyote.http11.Http11Processor.service(Http11Processor.java:398) ~[tomcat-embed-core-10.1.41.jar!/:na]
        at org.apache.coyote.AbstractProcessorLight.process(AbstractProcessorLight.java:63) ~[tomcat-embed-core-10.1.41.jar!/:na]
        at org.apache.coyote.AbstractProtocol$ConnectionHandler.process(AbstractProtocol.java:903) ~[tomcat-embed-core-10.1.41.jar!/:na]
        at org.apache.tomcat.util.net.NioEndpoint$SocketProcessor.doRun(NioEndpoint.java:1740) ~[tomcat-embed-core-10.1.41.jar!/:na]
        at org.apache.tomcat.util.net.SocketProcessorBase.run(SocketProcessorBase.java:52) ~[tomcat-embed-core-10.1.41.jar!/:na]
        at org.apache.tomcat.util.threads.ThreadPoolExecutor.runWorker(ThreadPoolExecutor.java:1189) ~[tomcat-embed-core-10.1.41.jar!/:na]
        at org.apache.tomcat.util.threads.ThreadPoolExecutor$Worker.run(ThreadPoolExecutor.java:658) ~[tomcat-embed-core-10.1.41.jar!/:na]
        at org.apache.tomcat.util.threads.TaskThread$WrappingRunnable.run(TaskThread.java:63) ~[tomcat-embed-core-10.1.41.jar!/:na]
        at java.base/java.lang.Thread.run(Thread.java:833) ~[na:na]

java.io.IOException: 发送Arrow数据失败: Memory was leaked by query. Memory leaked: (2048)
Allocator(ROOT) 0/2048/235520/9223372036854775807 (res/actual/peak/limit)

        at com.arrow.sender.service.ArrowDataSenderService.sendArrowData(ArrowDataSenderService.java:56)
        at com.arrow.sender.controller.ArrowDataController.sendArrow(ArrowDataController.java:19)
        at java.base/jdk.internal.reflect.NativeMethodAccessorImpl.invoke0(Native Method)
        at java.base/jdk.internal.reflect.NativeMethodAccessorImpl.invoke(NativeMethodAccessorImpl.java:77)
        at java.base/jdk.internal.reflect.DelegatingMethodAccessorImpl.invoke(DelegatingMethodAccessorImpl.java:43)
        at java.base/java.lang.reflect.Method.invoke(Method.java:568)
        at org.springframework.web.method.support.InvocableHandlerMethod.doInvoke(InvocableHandlerMethod.java:258)
        at org.springframework.web.method.support.InvocableHandlerMethod.invokeForRequest(InvocableHandlerMethod.java:191)
        at org.springframework.web.servlet.mvc.method.annotation.ServletInvocableHandlerMethod.invokeAndHandle(ServletInvocableHandlerMethod.java:118)
        at org.springframework.web.servlet.mvc.method.annotation.RequestMappingHandlerAdapter.invokeHandlerMethod(RequestMappingHandlerAdapter.java:986)
        at org.springframework.web.servlet.mvc.method.annotation.RequestMappingHandlerAdapter.handleInternal(RequestMappingHandlerAdapter.java:891)
        at org.springframework.web.servlet.mvc.method.AbstractHandlerMethodAdapter.handle(AbstractHandlerMethodAdapter.java:87)
        at org.springframework.web.servlet.DispatcherServlet.doDispatch(DispatcherServlet.java:1089)
        at org.springframework.web.servlet.DispatcherServlet.doService(DispatcherServlet.java:979)
        at org.springframework.web.servlet.FrameworkServlet.processRequest(FrameworkServlet.java:1014)
        at org.springframework.web.servlet.FrameworkServlet.doGet(FrameworkServlet.java:903)
        at jakarta.servlet.http.HttpServlet.service(HttpServlet.java:564)
        at org.springframework.web.servlet.FrameworkServlet.service(FrameworkServlet.java:885)
        at jakarta.servlet.http.HttpServlet.service(HttpServlet.java:658)
        at org.apache.catalina.core.ApplicationFilterChain.internalDoFilter(ApplicationFilterChain.java:195)
        at org.apache.catalina.core.ApplicationFilterChain.doFilter(ApplicationFilterChain.java:140)
        at org.apache.tomcat.websocket.server.WsFilter.doFilter(WsFilter.java:51)
        at org.apache.catalina.core.ApplicationFilterChain.internalDoFilter(ApplicationFilterChain.java:164)
        at org.apache.catalina.core.ApplicationFilterChain.doFilter(ApplicationFilterChain.java:140)
        at org.springframework.web.filter.RequestContextFilter.doFilterInternal(RequestContextFilter.java:100)
        at org.springframework.web.filter.OncePerRequestFilter.doFilter(OncePerRequestFilter.java:116)
        at org.apache.catalina.core.ApplicationFilterChain.internalDoFilter(ApplicationFilterChain.java:164)
        at org.apache.catalina.core.ApplicationFilterChain.doFilter(ApplicationFilterChain.java:140)
        at org.springframework.web.filter.FormContentFilter.doFilterInternal(FormContentFilter.java:93)
        at org.springframework.web.filter.OncePerRequestFilter.doFilter(OncePerRequestFilter.java:116)
        at org.apache.catalina.core.ApplicationFilterChain.internalDoFilter(ApplicationFilterChain.java:164)
        at org.apache.catalina.core.ApplicationFilterChain.doFilter(ApplicationFilterChain.java:140)
        at org.springframework.web.filter.CharacterEncodingFilter.doFilterInternal(CharacterEncodingFilter.java:201)
        at org.springframework.web.filter.OncePerRequestFilter.doFilter(OncePerRequestFilter.java:116)
        at org.apache.catalina.core.ApplicationFilterChain.internalDoFilter(ApplicationFilterChain.java:164)
        at org.apache.catalina.core.ApplicationFilterChain.doFilter(ApplicationFilterChain.java:140)
        at org.apache.catalina.core.StandardWrapperValve.invoke(StandardWrapperValve.java:167)
        at org.apache.catalina.core.StandardContextValve.invoke(StandardContextValve.java:90)
        at org.apache.catalina.authenticator.AuthenticatorBase.invoke(AuthenticatorBase.java:483)
        at org.apache.catalina.core.StandardHostValve.invoke(StandardHostValve.java:116)
        at org.apache.catalina.valves.ErrorReportValve.invoke(ErrorReportValve.java:93)
        at org.apache.catalina.core.StandardEngineValve.invoke(StandardEngineValve.java:74)
        at org.apache.catalina.connector.CoyoteAdapter.service(CoyoteAdapter.java:344)
        at org.apache.coyote.http11.Http11Processor.service(Http11Processor.java:398)
        at org.apache.coyote.AbstractProcessorLight.process(AbstractProcessorLight.java:63)
        at org.apache.coyote.AbstractProtocol$ConnectionHandler.process(AbstractProtocol.java:903)
        at org.apache.tomcat.util.net.NioEndpoint$SocketProcessor.doRun(NioEndpoint.java:1740)
        at org.apache.tomcat.util.net.SocketProcessorBase.run(SocketProcessorBase.java:52)
        at org.apache.tomcat.util.threads.ThreadPoolExecutor.runWorker(ThreadPoolExecutor.java:1189)
        at org.apache.tomcat.util.threads.ThreadPoolExecutor$Worker.run(ThreadPoolExecutor.java:658)
        at org.apache.tomcat.util.threads.TaskThread$WrappingRunnable.run(TaskThread.java:63)
        at java.base/java.lang.Thread.run(Thread.java:833)
Caused by: java.lang.IllegalStateException: Memory was leaked by query. Memory leaked: (2048)
Allocator(ROOT) 0/2048/235520/9223372036854775807 (res/actual/peak/limit)

        at org.apache.arrow.memory.BaseAllocator.close(BaseAllocator.java:504)
        at org.apache.arrow.memory.RootAllocator.close(RootAllocator.java:27)
        at com.arrow.sender.service.ArrowDataSenderService.sendArrowData(ArrowDataSenderService.java:54)
        ... 51 more

